{"synthetic": false,
 "schemaVersion": "2025-09-10",
 "outputs":
 {"o": ["93512a6b83f8cddc.olean"],
  "i": "4c5b72165e3218e2.ilean",
  "c": "50931f8249459aba.c"},
 "log":
 [{"message":
   ".> LEAN_PATH=C:\\Users\\Lean\\Graduate\\project\\.lake\\packages\\Cli\\.lake\\build\\lib\\lean;C:\\Users\\Lean\\Graduate\\project\\.lake\\packages\\batteries\\.lake\\build\\lib\\lean;C:\\Users\\Lean\\Graduate\\project\\.lake\\packages\\Qq\\.lake\\build\\lib\\lean;C:\\Users\\Lean\\Graduate\\project\\.lake\\packages\\aesop\\.lake\\build\\lib\\lean;C:\\Users\\Lean\\Graduate\\project\\.lake\\packages\\proofwidgets\\.lake\\build\\lib\\lean;C:\\Users\\Lean\\Graduate\\project\\.lake\\packages\\importGraph\\.lake\\build\\lib\\lean;C:\\Users\\Lean\\Graduate\\project\\.lake\\packages\\LeanSearchClient\\.lake\\build\\lib\\lean;C:\\Users\\Lean\\Graduate\\project\\.lake\\packages\\plausible\\.lake\\build\\lib\\lean;C:\\Users\\Lean\\Graduate\\project\\.lake\\packages\\mathlib\\.lake\\build\\lib\\lean;C:\\Users\\Lean\\Graduate\\project\\.lake\\build\\lib\\lean c:\\Users\\zen morishita\\.elan\\toolchains\\leanprover--lean4---v4.27.0-rc1\\bin\\lean.exe C:\\Users\\Lean\\Graduate\\project\\finorder.lean -o C:\\Users\\Lean\\Graduate\\project\\.lake\\build\\lib\\lean\\finorder.olean -i C:\\Users\\Lean\\Graduate\\project\\.lake\\build\\lib\\lean\\finorder.ilean -c C:\\Users\\Lean\\Graduate\\project\\.lake\\build\\ir\\finorder.c --setup C:\\Users\\Lean\\Graduate\\project\\.lake\\build\\ir\\finorder.setup.json --json",
   "level": "trace"},
  {"message": "finorder.lean:342:0: declaration uses 'sorry'",
   "level": "warning"},
  {"message": "finorder.lean:480:0: declaration uses 'sorry'",
   "level": "warning"},
  {"message": "finorder.lean:524:0: declaration uses 'sorry'",
   "level": "warning"},
  {"message": "finorder.lean:545:8: declaration uses 'sorry'",
   "level": "warning"},
  {"message":
   "finorder.lean:607:0: import Mathlib.RingTheory.Polynomial.Cyclotomic.Roots",
   "level": "info"}],
 "inputs":
 [["finorder:deps",
   [["deps",
     [["finorder/finorder:extraDep",
       [["@finorder:extraDep", "00000000000006bb"]]],
      ["imports",
       [["Mathlib.RingTheory.Polynomial.Cyclotomic.Roots transitive imports (legacy)",
         "f22d8194c30bdad9"],
        ["Mathlib.RingTheory.Polynomial.Cyclotomic.Roots:importAllArts",
         "8115075056dc7cba"]]]]],
    ["libs",
     [["import dynlibs", "00000000000006bb"],
      ["package external libraries", "00000000000006bb"],
      ["module dynlibs", "00000000000006bb"],
      ["module plugins", "00000000000006bb"]]]]],
  ["Lean 4.27.0, commit 2fcce7258eeb6e324366bc25f9058293b04b7547",
   "6f43b597efea5d4c"],
  ["C:\\Users\\Lean\\Graduate\\project\\finorder.lean", "e8e1927f7fd2fe6d"],
  ["options", "00000000000006bb"],
  ["Module.leanArgs: #[]", "00000000000006bb"]],
 "depHash": "bb7f833e1cce5906"}